<?xml version="1.0" encoding="UTF-8"?>
<!-- Generated by org.testng.reporters.JUnitXMLReporter -->
<testsuite ignored="0" hostname="LAPTOP-9Q4PB9CG" failures="0" tests="5" name="Default test" time="14.87" errors="0" timestamp="2025-03-04T00:49:05 IST">
  <testcase classname="com.qa.opencart.tests.HomePageTest" name="HomePageURLTest" time="0.062"/>
  <testcase classname="com.qa.opencart.tests.HomePageTest" name="homePageTitleTest" time="0.01"/>
  <testcase classname="com.qa.opencart.tests.HomePageTest" name="searchTest" time="0.376"/>
  <testcase classname="com.qa.opencart.tests.HomePageTest" name="searchTest" time="0.417"/>
  <testcase classname="com.qa.opencart.tests.HomePageTest" name="searchTest" time="0.315"/>
</testsuite> <!-- Default test -->
