<?xml version="1.0" encoding="UTF-8"?>
<!-- Generated by org.testng.reporters.JUnitXMLReporter -->
<testsuite ignored="0" hostname="LAPTOP-9Q4PB9CG" failures="0" tests="5" name="Open Cart Home Page Test_chrome" time="18.01" errors="0" timestamp="2025-03-04T01:08:47 IST">
  <testcase classname="com.qa.opencart.tests.HomePageTest" name="HomePageURLTest" time="0.096"/>
  <testcase classname="com.qa.opencart.tests.HomePageTest" name="homePageTitleTest" time="0.009"/>
  <testcase classname="com.qa.opencart.tests.HomePageTest" name="searchTest" time="0.436"/>
  <testcase classname="com.qa.opencart.tests.HomePageTest" name="searchTest" time="0.914"/>
  <testcase classname="com.qa.opencart.tests.HomePageTest" name="searchTest" time="0.685"/>
</testsuite> <!-- Open Cart Home Page Test_chrome -->
