<?xml version="1.0" encoding="UTF-8"?>
<!-- Generated by org.testng.reporters.JUnitXMLReporter -->
<testsuite ignored="0" hostname="LAPTOP-9Q4PB9CG" failures="0" tests="3" name="Open cart LoginPageTest" time="11.99" errors="0" timestamp="2025-03-03T23:41:20 IST">
  <testcase classname="com.qa.opencart.tests.LoginPageTest" name="clickOnLogin" time="0.44"/>
  <testcase classname="com.qa.opencart.tests.LoginPageTest" name="forgotPwdExistTest" time="0.02"/>
  <testcase classname="com.qa.opencart.tests.LoginPageTest" name="appLoginTest" time="0.47"/>
</testsuite> <!-- Open cart LoginPageTest -->
