<?xml version="1.0" encoding="UTF-8"?>
<!-- Generated by org.testng.reporters.JUnitXMLReporter -->
<testsuite ignored="0" hostname="LAPTOP-9Q4PB9CG" failures="0" tests="3" name="Open Cart Login Page Test_safari" time="17.1" errors="0" timestamp="2025-03-04T01:08:46 IST">
  <testcase classname="com.qa.opencart.tests.LoginPageTest" name="clickOnLogin" time="1.784"/>
  <testcase classname="com.qa.opencart.tests.LoginPageTest" name="forgotPwdExistTest" time="0.066"/>
  <testcase classname="com.qa.opencart.tests.LoginPageTest" name="appLoginTest" time="0.512"/>
</testsuite> <!-- Open Cart Login Page Test_safari -->
