<?xml version="1.0" encoding="UTF-8"?>
<!-- Generated by org.testng.reporters.JUnitXMLReporter -->
<testsuite ignored="0" hostname="LAPTOP-9Q4PB9CG" failures="0" tests="5" name="Open cart HomePageTest" time="11.847" errors="0" timestamp="2025-03-03T23:41:20 IST">
  <testcase classname="com.qa.opencart.tests.HomePageTest" name="HomePageURLTest" time="0.028"/>
  <testcase classname="com.qa.opencart.tests.HomePageTest" name="homePageTitleTest" time="0.018"/>
  <testcase classname="com.qa.opencart.tests.HomePageTest" name="searchTest" time="0.565"/>
  <testcase classname="com.qa.opencart.tests.HomePageTest" name="searchTest" time="0.48"/>
  <testcase classname="com.qa.opencart.tests.HomePageTest" name="searchTest" time="0.323"/>
</testsuite> <!-- Open cart HomePageTest -->
