<?xml version="1.0" encoding="UTF-8"?>
<testng-results ignored="0" total="8" passed="8" failed="0" skipped="0">
  <reporter-output>
  </reporter-output>
  <suite started-at="2025-03-04T01:08:29 IST" name="Open cart Test Regression PW Suite" finished-at="2025-03-04T01:08:47 IST" duration-ms="18010">
    <groups>
    </groups>
    <test started-at="2025-03-04T01:08:29 IST" name="Open Cart Login Page Test_safari" finished-at="2025-03-04T01:08:46 IST" duration-ms="17100">
      <class name="com.qa.opencart.tests.LoginPageTest">
        <test-method is-config="true" signature="setup()[pri:0, instance:com.qa.opencart.tests.LoginPageTest@1506f20f]" started-at="2025-03-04T01:08:29 IST" name="setup" finished-at="2025-03-04T01:08:41 IST" duration-ms="12432" status="PASS">
          <reporter-output>
          </reporter-output>
        </test-method> <!-- setup -->
        <test-method signature="clickOnLogin()[pri:1, instance:com.qa.opencart.tests.LoginPageTest@1506f20f]" started-at="2025-03-04T01:08:41 IST" name="clickOnLogin" finished-at="2025-03-04T01:08:43 IST" duration-ms="1784" status="PASS">
          <reporter-output>
          </reporter-output>
        </test-method> <!-- clickOnLogin -->
        <test-method signature="forgotPwdExistTest()[pri:2, instance:com.qa.opencart.tests.LoginPageTest@1506f20f]" started-at="2025-03-04T01:08:44 IST" name="forgotPwdExistTest" finished-at="2025-03-04T01:08:44 IST" duration-ms="66" status="PASS">
          <reporter-output>
          </reporter-output>
        </test-method> <!-- forgotPwdExistTest -->
        <test-method signature="appLoginTest()[pri:3, instance:com.qa.opencart.tests.LoginPageTest@1506f20f]" started-at="2025-03-04T01:08:45 IST" name="appLoginTest" finished-at="2025-03-04T01:08:45 IST" duration-ms="512" status="PASS">
          <reporter-output>
          </reporter-output>
        </test-method> <!-- appLoginTest -->
        <test-method is-config="true" signature="tearDown()[pri:0, instance:com.qa.opencart.tests.LoginPageTest@1506f20f]" started-at="2025-03-04T01:08:45 IST" name="tearDown" finished-at="2025-03-04T01:08:46 IST" duration-ms="271" status="PASS">
          <reporter-output>
          </reporter-output>
        </test-method> <!-- tearDown -->
      </class> <!-- com.qa.opencart.tests.LoginPageTest -->
    </test> <!-- Open Cart Login Page Test_safari -->
    <test started-at="2025-03-04T01:08:29 IST" name="Open Cart Home Page Test_chrome" finished-at="2025-03-04T01:08:47 IST" duration-ms="18010">
      <class name="com.qa.opencart.tests.HomePageTest">
        <test-method is-config="true" signature="setup()[pri:0, instance:com.qa.opencart.tests.HomePageTest@ec2cc4]" started-at="2025-03-04T01:08:29 IST" name="setup" finished-at="2025-03-04T01:08:40 IST" duration-ms="11452" status="PASS">
          <reporter-output>
          </reporter-output>
        </test-method> <!-- setup -->
        <test-method signature="HomePageURLTest()[pri:0, instance:com.qa.opencart.tests.HomePageTest@ec2cc4]" started-at="2025-03-04T01:08:40 IST" name="HomePageURLTest" finished-at="2025-03-04T01:08:40 IST" duration-ms="96" status="PASS">
          <reporter-output>
          </reporter-output>
        </test-method> <!-- HomePageURLTest -->
        <test-method signature="homePageTitleTest()[pri:0, instance:com.qa.opencart.tests.HomePageTest@ec2cc4]" started-at="2025-03-04T01:08:41 IST" name="homePageTitleTest" finished-at="2025-03-04T01:08:41 IST" duration-ms="9" status="PASS">
          <reporter-output>
          </reporter-output>
        </test-method> <!-- homePageTitleTest -->
        <test-method signature="searchTest(java.lang.String)[pri:0, instance:com.qa.opencart.tests.HomePageTest@ec2cc4]" started-at="2025-03-04T01:08:41 IST" name="searchTest" data-provider="getProductData" finished-at="2025-03-04T01:08:41 IST" duration-ms="436" status="PASS">
          <params>
            <param index="0">
              <value>
                <![CDATA[Macbook]]>
              </value>
            </param>
          </params>
          <reporter-output>
          </reporter-output>
        </test-method> <!-- searchTest -->
        <test-method signature="searchTest(java.lang.String)[pri:0, instance:com.qa.opencart.tests.HomePageTest@ec2cc4]" started-at="2025-03-04T01:08:44 IST" name="searchTest" data-provider="getProductData" finished-at="2025-03-04T01:08:45 IST" duration-ms="914" status="PASS">
          <params>
            <param index="0">
              <value>
                <![CDATA[Mac]]>
              </value>
            </param>
          </params>
          <reporter-output>
          </reporter-output>
        </test-method> <!-- searchTest -->
        <test-method signature="searchTest(java.lang.String)[pri:0, instance:com.qa.opencart.tests.HomePageTest@ec2cc4]" started-at="2025-03-04T01:08:45 IST" name="searchTest" data-provider="getProductData" finished-at="2025-03-04T01:08:46 IST" duration-ms="685" status="PASS">
          <params>
            <param index="0">
              <value>
                <![CDATA[Samsung]]>
              </value>
            </param>
          </params>
          <reporter-output>
          </reporter-output>
        </test-method> <!-- searchTest -->
        <test-method is-config="true" signature="tearDown()[pri:0, instance:com.qa.opencart.tests.HomePageTest@ec2cc4]" started-at="2025-03-04T01:08:46 IST" name="tearDown" finished-at="2025-03-04T01:08:47 IST" duration-ms="262" status="PASS">
          <reporter-output>
          </reporter-output>
        </test-method> <!-- tearDown -->
      </class> <!-- com.qa.opencart.tests.HomePageTest -->
    </test> <!-- Open Cart Home Page Test_chrome -->
  </suite> <!-- Open cart Test Regression PW Suite -->
</testng-results>
